[2025-01-01 19:21:36.580] [merchant] [info] Glorious Merchant version 1.1.11
[2025-01-01 19:21:36.580] [merchant] [info] Loading config from C:\Users\Serena Jones\Documents\GitHub\sero_proj\ermerchant.ini
[2025-01-01 19:21:36.580] [merchant] [info] auto_upgrade_weapons = true
[2025-01-01 19:21:36.582] [merchant] [info] Found handle for eldenring.exe process: c:\program files (x86)\steam\steamapps\common\ELDEN RING\Game\eldenring.exe
[2025-01-01 19:21:36.669] [merchant] [info] Waiting for params...
[2025-01-01 19:21:51.695] [merchant] [info] Sleeping an extra 10s to work potential compatibility issues...
[2025-01-01 19:22:01.698] [merchant] [info] Hooking messages...
[2025-01-01 19:22:01.700] [merchant] [info] Detected language "english"
[2025-01-01 19:22:01.753] [merchant] [info] Hooking shops...
[2025-01-01 19:22:01.762] [merchant] [info] Hooking talkscripts...
[2025-01-01 19:22:01.867] [merchant] [info] Initialized mod
[2025-01-01 19:28:28.048] [merchant] [info] Patching state group x51
[2025-01-01 20:06:24.789] [merchant] [info] Glorious Merchant version 1.1.11
[2025-01-01 20:06:24.789] [merchant] [info] Loading config from C:\Users\Serena Jones\Documents\GitHub\sero_proj\ermerchant.ini
[2025-01-01 20:06:24.797] [merchant] [info] auto_upgrade_weapons = true
[2025-01-01 20:06:24.798] [merchant] [info] Found handle for eldenring.exe process: c:\program files (x86)\steam\steamapps\common\ELDEN RING\Game\eldenring.exe
[2025-01-01 20:06:24.805] [merchant] [info] Waiting for params...
[2025-01-01 20:06:36.818] [merchant] [info] Sleeping an extra 10s to work potential compatibility issues...
[2025-01-01 20:06:46.818] [merchant] [info] Hooking messages...
[2025-01-01 20:06:46.820] [merchant] [info] Detected language "english"
[2025-01-01 20:06:46.822] [merchant] [info] Hooking shops...
[2025-01-01 20:06:46.827] [merchant] [info] Hooking talkscripts...
[2025-01-01 20:06:46.868] [merchant] [info] Initialized mod
[2025-01-01 20:08:43.371] [merchant] [info] Patching state group x51
